Discovery found 23 tests in 44ms.
Running tests.                                                                                                                   
VERBOSE: Loading module from path 'D:\GitHub\TDDForPowerShellClass\Vine-0\Vine\Vine.psd1'.                                       
VERBOSE: Removing the imported "New-Vine" function.                                                                              
VERBOSE: Loading module from path 'D:\GitHub\TDDForPowerShellClass\Vine-0\Vine\Vine.psm1'.                                       
VERBOSE: Exporting function 'New-Vine'.                                                                                          
VERBOSE: Importing function 'New-Vine'.                                                                                          
[-] Vine Class.Cmdlet Constructor.Should be able to create a Vine with a value 12ms (12ms|0ms)                                   
 Expected no exception to be thrown, but an exception "The property 'Value' cannot be found on this object. Verify that the prope
rty exists and can be set." was thrown from D:\GitHub\TDDForPowerShellClass\Vine-0\Vine.tests.ps1:68 char:15                     
     +             { New-Vine -Value $TheAnswer } | Should -Not -Throw                                                           
     +               ~~~~~~~~~~~~~~~~~~~~~~~~~~.                                                                                 
 at { New-Vine -Value $TheAnswer } | Should -Not -Throw, D:\GitHub\TDDForPowerShellClass\Vine-0\Vine.tests.ps1:68                
 at <ScriptBlock>, D:\GitHub\TDDForPowerShellClass\Vine-0\Vine.tests.ps1:68                                                      
[-] Vine Class.Cmdlet Constructor.Should be able to create a Vine with a value which is not null or empty 6ms (5ms|0ms)          
 RuntimeException: The property 'Value' cannot be found on this object. Verify that the property exists and can be set.          
 at New-Vine, D:\GitHub\TDDForPowerShellClass\Vine-0\Vine\Vine.psm1:72                                                           
 at <ScriptBlock>, D:\GitHub\TDDForPowerShellClass\Vine-0\Vine.tests.ps1:73                                                      
[-] Vine Class.Cmdlet Constructor.Should be able to create a Vine with a value which is of Type [Vine] 6ms (5ms|0ms)             
 RuntimeException: The property 'Value' cannot be found on this object. Verify that the property exists and can be set.          
 at New-Vine, D:\GitHub\TDDForPowerShellClass\Vine-0\Vine\Vine.psm1:72                                                           
 at <ScriptBlock>, D:\GitHub\TDDForPowerShellClass\Vine-0\Vine.tests.ps1:81                                                      
[-] Vine Class.Cmdlet Constructor.Should be able to create a Vine with a value and a type 16ms (16ms|1ms)                        
 Expected no exception to be thrown, but an exception "The property 'Value' cannot be found on this object. Verify that the prope
rty exists and can be set." was thrown from D:\GitHub\TDDForPowerShellClass\Vine-0\Vine.tests.ps1:92 char:15                     
     + …           { New-Vine -Value $TheAnswer -Type ([Int32] -as [Type]) } | …                                                 
     +               ~~~~~~~~~~~~~~~~~~~~~~~~~~~~~~~~~~~~~~~~~~~~~~~~~~~~~.                                                      
 at { New-Vine -Value $TheAnswer -Type ([Int32] -as [Type]) } | Should -Not -Throw, D:\GitHub\TDDForPowerShellClass\Vine-0\Vine.t
ests.ps1:92                                                                                                                      
 at <ScriptBlock>, D:\GitHub\TDDForPowerShellClass\Vine-0\Vine.tests.ps1:92                                                      
[-] Vine Class.Cmdlet Constructor.Should be able to create a Vine with a value and a type which is not null or empty 6ms (5ms|0ms
)                                                                                                                                
 RuntimeException: The property 'Value' cannot be found on this object. Verify that the property exists and can be set.          
 at New-Vine, D:\GitHub\TDDForPowerShellClass\Vine-0\Vine\Vine.psm1:72                                                           
 at <ScriptBlock>, D:\GitHub\TDDForPowerShellClass\Vine-0\Vine.tests.ps1:97                                                      
[-] Vine Class.Vine Constructor.Should be able to create a Vine 14ms (13ms|1ms)                                                  
 Expected no exception to be thrown, but an exception "Cannot find type [Vine]: verify that the assembly containing this type is 
loaded." was thrown from D:\GitHub\TDDForPowerShellClass\Vine-0\Vine.tests.ps1:107 char:15                                       
     +             { New-Object -TypeName 'Vine' } | Should -Not -Throw                                                          
     +               ~~~~~~~~~~~~~~~~~~~~~~~~~~~.                                                                                
 at { New-Object -TypeName 'Vine' } | Should -Not -Throw, D:\GitHub\TDDForPowerShellClass\Vine-0\Vine.tests.ps1:107              
 at <ScriptBlock>, D:\GitHub\TDDForPowerShellClass\Vine-0\Vine.tests.ps1:107                                                     
[-] Vine Class.Vine Constructor.Should be able to create a Vine which is not null or empty 5ms (5ms|1ms)                         
 PSArgumentException: Cannot find type [Vine]: verify that the assembly containing this type is loaded.                          
 at <ScriptBlock>, D:\GitHub\TDDForPowerShellClass\Vine-0\Vine.tests.ps1:112                                                     
[-] Vine Class.Vine Constructor.Should be able to create a Vine which is of Type [Vine] 11ms (11ms|0ms)                          
 PSArgumentException: Cannot find type [Vine]: verify that the assembly containing this type is loaded.                          
 at <ScriptBlock>, D:\GitHub\TDDForPowerShellClass\Vine-0\Vine.tests.ps1:120                                                     
[-] Vine Class.Vine Constructor.Should be able to create a Vine with Parameter Value 14ms (13ms|0ms)                             
 Expected no exception to be thrown, but an exception "Cannot find type [Vine]: verify that the assembly containing this type is 
loaded." was thrown from D:\GitHub\TDDForPowerShellClass\Vine-0\Vine.tests.ps1:131 char:15                                       
     + …           { New-Object -TypeName 'Vine' -ArgumentList $TheAnswer } |  …                                                 
     +               ~~~~~~~~~~~~~~~~~~~~~~~~~~~~~~~~~~~~~~~~~~~~~~~~~~~~.                                                       
 at { New-Object -TypeName 'Vine' -ArgumentList $TheAnswer } | Should -Not -Throw, D:\GitHub\TDDForPowerShellClass\Vine-0\Vine.te
sts.ps1:131                                                                                                                      
 at <ScriptBlock>, D:\GitHub\TDDForPowerShellClass\Vine-0\Vine.tests.ps1:131                                                     
[-] Vine Class.Vine Constructor.Should be able to create a Vine with Parameter Value which is not null or empty 6ms (6ms|0ms)    
 PSArgumentException: Cannot find type [Vine]: verify that the assembly containing this type is loaded.                          
 at <ScriptBlock>, D:\GitHub\TDDForPowerShellClass\Vine-0\Vine.tests.ps1:136                                                     
[-] Vine Class.Vine Constructor.Should be able to create a Vine with Parameter Value which is of Type [Vine] 5ms (5ms|1ms)       
 PSArgumentException: Cannot find type [Vine]: verify that the assembly containing this type is loaded.                          
 at <ScriptBlock>, D:\GitHub\TDDForPowerShellClass\Vine-0\Vine.tests.ps1:144                                                     
[-] Vine Class.Vine Constructor.Should be able to create a Vine with Parameter Type [Int32] 12ms (11ms|0ms)                      
 Expected no exception to be thrown, but an exception "Cannot find type [Vine]: verify that the assembly containing this type is 
loaded." was thrown from D:\GitHub\TDDForPowerShellClass\Vine-0\Vine.tests.ps1:155 char:15                                       
     + …           { New-Object -TypeName 'Vine' -ArgumentList ([Int32] -as [T …                                                 
     +               ~~~~~~~~~~~~~~~~~~~~~~~~~~~~~~~~~~~~~~~~~~~~~~~~~~~~~~~~~.                                                  
 at { New-Object -TypeName 'Vine' -ArgumentList ([Int32] -as [Type]) } | Should -Not -Throw, D:\GitHub\TDDForPowerShellClass\Vine
-0\Vine.tests.ps1:155                                                                                                            
 at <ScriptBlock>, D:\GitHub\TDDForPowerShellClass\Vine-0\Vine.tests.ps1:155                                                     
[-] Vine Class.Vine Constructor.Should be able to create a Vine with Parameter Type [Int32] which is not null or empty 5ms (5ms|1
ms)                                                                                                                              
 PSArgumentException: Cannot find type [Vine]: verify that the assembly containing this type is loaded.                          
 at <ScriptBlock>, D:\GitHub\TDDForPowerShellClass\Vine-0\Vine.tests.ps1:160                                                     
[-] Vine Class.Vine Constructor.Should be able to create a Vine with Parameter Type [Int32] which is of Type [Vine] 6ms (5ms|0ms)
 PSArgumentException: Cannot find type [Vine]: verify that the assembly containing this type is loaded.                          
 at <ScriptBlock>, D:\GitHub\TDDForPowerShellClass\Vine-0\Vine.tests.ps1:168                                                     
[-] Vine Class.Vine Constructor.Should be able to create a Vine with Parameter Value and Parameter Type [Int32] 23ms (23ms|0ms)  
 Expected no exception to be thrown, but an exception "Cannot find type [Vine]: verify that the assembly containing this type is 
loaded." was thrown from D:\GitHub\TDDForPowerShellClass\Vine-0\Vine.tests.ps1:179 char:15                                       
     + …           { New-Object -TypeName 'Vine' -ArgumentList $TheAnswer, ([I …                                                 
     +               ~~~~~~~~~~~~~~~~~~~~~~~~~~~~~~~~~~~~~~~~~~~~~~~~~~~~~~~~~.                                                  
 at { New-Object -TypeName 'Vine' -ArgumentList $TheAnswer, ([Int32] -as [Type]) } | Should -Not -Throw, D:\GitHub\TDDForPowerShe
llClass\Vine-0\Vine.tests.ps1:179                                                                                                
 at <ScriptBlock>, D:\GitHub\TDDForPowerShellClass\Vine-0\Vine.tests.ps1:179                                                     
[-] Vine Class.Vine Constructor.Should be able to create a Vine with Parameter Value and Parameter Type [Int32] which is not null
 or empty 5ms (4ms|0ms)                                                                                                          
 PSArgumentException: Cannot find type [Vine]: verify that the assembly containing this type is loaded.                          
 at <ScriptBlock>, D:\GitHub\TDDForPowerShellClass\Vine-0\Vine.tests.ps1:184                                                     
[-] Vine Class.Vine Constructor.Should be able to create a Vine with Parameter Value and Parameter Type [Int32] which is of Type 
[Vine] 5ms (5ms|1ms)                                                                                                             
 PSArgumentException: Cannot find type [Vine]: verify that the assembly containing this type is loaded.                          
 at <ScriptBlock>, D:\GitHub\TDDForPowerShellClass\Vine-0\Vine.tests.ps1:192                                                     
[-] Vine Class.Vine Constructor.Should be able to create a Vine with property FullName 5ms (5ms|0ms)                             
 PSArgumentException: Cannot find type [Vine]: verify that the assembly containing this type is loaded.                          
 at <ScriptBlock>, D:\GitHub\TDDForPowerShellClass\Vine-0\Vine.tests.ps1:203                                                     
[-] Vine Class.Vine Constructor.Should be able to create a Vine with property Name 7ms (5ms|2ms)                                 
 PSArgumentException: Cannot find type [Vine]: verify that the assembly containing this type is loaded.                          
 at <ScriptBlock>, D:\GitHub\TDDForPowerShellClass\Vine-0\Vine.tests.ps1:211                                                     
[-] Vine Class.Vine Constructor.Should be able to create a Vine with property Name equals [Vine] 5ms (5ms|0ms)                   
 PSArgumentException: Cannot find type [Vine]: verify that the assembly containing this type is loaded.                          
 at <ScriptBlock>, D:\GitHub\TDDForPowerShellClass\Vine-0\Vine.tests.ps1:219                                                     
[-] D:\GitHub\TDDForPowerShellClass\Vine-0\Vine.tests.ps1 failed with:                                                           
PSInvalidCastException: Cannot convert the "Vine" value of type "System.String" to type "System.Management.Automation.ScriptBlock
".                                                                                                                               
ArgumentTransformationMetadataException: Cannot convert the "Vine" value of type "System.String" to type "System.Management.Autom
ation.ScriptBlock".                                                                                                              
ParameterBindingArgumentTransformationException: Cannot process argument transformation on parameter 'Test'. Cannot convert the "
Vine" value of type "System.String" to type "System.Management.Automation.ScriptBlock".                                          
at <ScriptBlock>, D:\GitHub\TDDForPowerShellClass\Vine-0\Vine.tests.ps1:225                                                      
Tests completed in 453ms                                                                                                         
Tests Passed: 3, Failed: 20, Skipped: 0, Inconclusive: 0, NotRun: 0                                                              
Container failed: 1                                                                                                              
  - D:\GitHub\TDDForPowerShellClass\Vine-0\Vine.tests.ps1                                                                        
PS D:\GitHub\TDDForPowerShellClass\Vine-0>                                                                                       